
=== Wed Mar 27 13:17:52 2019

Packages were changed.
Update Mode: updateDependencies

The following packages were added:
  com.unity.collab-proxy@1.2.15
The following packages were updated:
  com.unity.analytics from version 2.0.16 to 3.2.2
  com.unity.package-manager-ui from version 1.9.11 to 2.0.7
  com.unity.postprocessing from version 2.0.3-preview to 2.0.15-preview

=== Thu Mar 28 16:17:39 2019

Packages were changed.
Update Mode: updateDependencies

The following packages were added:
  com.unity.collab-proxy@1.2.15
The following packages were updated:
  com.unity.analytics from version 2.0.16 to 3.2.2
  com.unity.package-manager-ui from version 1.9.11 to 2.0.7
  com.unity.postprocessing from version 2.0.3-preview to 2.0.15-preview

=== Mon Apr  1 18:49:57 2019

Packages were changed.
Update Mode: updateDependencies

The following packages were added:
  com.unity.collab-proxy@1.2.15
The following packages were updated:
  com.unity.analytics from version 2.0.16 to 3.2.2
  com.unity.package-manager-ui from version 1.9.11 to 2.0.7
  com.unity.postprocessing from version 2.0.3-preview to 2.0.15-preview
